<testsuites name="C:\Git\pickles\test-harness\xunit2\bin\Debug\xunit2Harness.DLL" tests="71" time="1.513" errors="0" failures="30" skipped="1" timestamp="2018-08-29T14:10:40">
    <testsuite name="Pickles.TestHarness.xunit2.NotAutomatedAtAllFeature" tests="3" time="0.023" passed="0" failures="3" skipped="0">
        <testcase name="NotAutomatedScenario2" classname="Pickles.TestHarness.xunit2.NotAutomatedAtAllFeature" time="0.0076627" status="Failed">
            <properties>
                <property name="FeatureTitle" value="Not Automated At All"/>
                <property name="Description" value="Not automated scenario 2"/>
            </properties>
            <failure type="TechTalk.SpecFlow.SpecFlowException" message="TechTalk.SpecFlow.SpecFlowException : Test pending: No matching step definition found for one or more steps.\r\nusing System;\r\nusing TechTalk.SpecFlow;\r\n\r\nnamespace MyNamespace\r\n{\r\n    [Binding]\r\n    public class StepDefinitions\r\n    {\r\n        [Given(@&quot;unimplemented step&quot;)]\r\n        public void GivenUnimplementedStep()\r\n        {\r\n            ScenarioContext.Current.Pending();\r\n        }\r\n        \r\n        [When(@&quot;unimplemented step&quot;)]\r\n        public void WhenUnimplementedStep()\r\n        {\r\n            ScenarioContext.Current.Pending();\r\n        }\r\n        \r\n        [Then(@&quot;unimplemented step&quot;)]\r\n        public void ThenUnimplementedStep()\r\n        {\r\n            ScenarioContext.Current.Pending();\r\n        }\r\n    }\r\n}\r\n">
                at TechTalk.SpecFlow.UnitTestProvider.XUnitRuntimeProvider.TestPending(String message)
   at TechTalk.SpecFlow.Infrastructure.TestExecutionEngine.OnAfterLastStep()
   at Pickles.TestHarness.xunit2.NotAutomatedAtAllFeature.ScenarioCleanup()
   at Pickles.TestHarness.xunit2.NotAutomatedAtAllFeature.NotAutomatedScenario2() in C:\Git\pickles\test-harness\xunit2\NotAutomatedAtAll.feature:line 14
            </failure>
        </testcase>
        <testcase name="NotAutomatedScenario3" classname="Pickles.TestHarness.xunit2.NotAutomatedAtAllFeature" time="0.0074265" status="Failed">
            <properties>
                <property name="FeatureTitle" value="Not Automated At All"/>
                <property name="Description" value="Not automated scenario 3"/>
            </properties>
            <failure type="TechTalk.SpecFlow.SpecFlowException" message="TechTalk.SpecFlow.SpecFlowException : Test pending: No matching step definition found for one or more steps.\r\nusing System;\r\nusing TechTalk.SpecFlow;\r\n\r\nnamespace MyNamespace\r\n{\r\n    [Binding]\r\n    public class StepDefinitions\r\n    {\r\n        [Given(@&quot;unimplemented step&quot;)]\r\n        public void GivenUnimplementedStep()\r\n        {\r\n            ScenarioContext.Current.Pending();\r\n        }\r\n        \r\n        [When(@&quot;unimplemented step&quot;)]\r\n        public void WhenUnimplementedStep()\r\n        {\r\n            ScenarioContext.Current.Pending();\r\n        }\r\n        \r\n        [Then(@&quot;unimplemented step&quot;)]\r\n        public void ThenUnimplementedStep()\r\n        {\r\n            ScenarioContext.Current.Pending();\r\n        }\r\n    }\r\n}\r\n">
                at TechTalk.SpecFlow.UnitTestProvider.XUnitRuntimeProvider.TestPending(String message)
   at TechTalk.SpecFlow.Infrastructure.TestExecutionEngine.OnAfterLastStep()
   at Pickles.TestHarness.xunit2.NotAutomatedAtAllFeature.ScenarioCleanup()
   at Pickles.TestHarness.xunit2.NotAutomatedAtAllFeature.NotAutomatedScenario3() in C:\Git\pickles\test-harness\xunit2\NotAutomatedAtAll.feature:line 19
            </failure>
        </testcase>
        <testcase name="NotAutomatedScenario1" classname="Pickles.TestHarness.xunit2.NotAutomatedAtAllFeature" time="0.0080797" status="Failed">
            <properties>
                <property name="FeatureTitle" value="Not Automated At All"/>
                <property name="Description" value="Not automated scenario 1"/>
            </properties>
            <failure type="TechTalk.SpecFlow.SpecFlowException" message="TechTalk.SpecFlow.SpecFlowException : Test pending: No matching step definition found for one or more steps.\r\nusing System;\r\nusing TechTalk.SpecFlow;\r\n\r\nnamespace MyNamespace\r\n{\r\n    [Binding]\r\n    public class StepDefinitions\r\n    {\r\n        [Given(@&quot;unimplemented step&quot;)]\r\n        public void GivenUnimplementedStep()\r\n        {\r\n            ScenarioContext.Current.Pending();\r\n        }\r\n        \r\n        [When(@&quot;unimplemented step&quot;)]\r\n        public void WhenUnimplementedStep()\r\n        {\r\n            ScenarioContext.Current.Pending();\r\n        }\r\n        \r\n        [Then(@&quot;unimplemented step&quot;)]\r\n        public void ThenUnimplementedStep()\r\n        {\r\n            ScenarioContext.Current.Pending();\r\n        }\r\n    }\r\n}\r\n">
                at TechTalk.SpecFlow.UnitTestProvider.XUnitRuntimeProvider.TestPending(String message)
   at TechTalk.SpecFlow.Infrastructure.TestExecutionEngine.OnAfterLastStep()
   at Pickles.TestHarness.xunit2.NotAutomatedAtAllFeature.ScenarioCleanup()
   at Pickles.TestHarness.xunit2.NotAutomatedAtAllFeature.NotAutomatedScenario1() in C:\Git\pickles\test-harness\xunit2\NotAutomatedAtAll.feature:line 9
            </failure>
        </testcase>
    </testsuite>
    <testsuite name="Pickles.TestHarness.xunit2.MinimalFeatures.FailingFeature" tests="3" time="0.012" passed="1" failures="2" skipped="0">
        <testcase name="FailingFeaturePassingScenario" classname="Pickles.TestHarness.xunit2.MinimalFeatures.FailingFeature" time="0.0008929" status="Passed">
            <properties>
                <property name="FeatureTitle" value="Failing"/>
                <property name="Description" value="Failing Feature Passing Scenario"/>
            </properties>
        </testcase>
        <testcase name="FailingFeatureFailingScenario" classname="Pickles.TestHarness.xunit2.MinimalFeatures.FailingFeature" time="0.0018802" status="Failed">
            <properties>
                <property name="FeatureTitle" value="Failing"/>
                <property name="Description" value="Failing Feature Failing Scenario"/>
            </properties>
            <failure type="NFluent.FluentCheckException" message="NFluent.FluentCheckException : \nThe checked value is different from the expected one.\nThe checked value:\n\t[True]\nThe expected value:\n\t[False]">
                at NFluent.Helpers.EqualityHelper.IsEqualTo(Object instance, Object expected)
   at NFluent.Extensibility.Checker`2.ExecuteCheck(Action action, String negatedExceptionMessage)
   at AutomationLayer.MarkTestAs.Failing() in C:\Git\pickles\test-harness\AutomationLayer\MarkTestAs.cs:line 15
   at AutomationLayer.MinimalFeatures.MinimalSteps.ThenFailingStep() in C:\Git\pickles\test-harness\AutomationLayer\MinimalFeatures\MinimalSteps.cs:line 24
   at TechTalk.SpecFlow.Bindings.BindingInvoker.InvokeBinding(IBinding binding, IContextManager contextManager, Object[] arguments, ITestTracer testTracer, TimeSpan&amp; duration)
   at TechTalk.SpecFlow.Infrastructure.TestExecutionEngine.ExecuteStepMatch(BindingMatch match, Object[] arguments)
   at TechTalk.SpecFlow.Infrastructure.TestExecutionEngine.ExecuteStep(StepInstance stepInstance)
   at TechTalk.SpecFlow.Infrastructure.TestExecutionEngine.OnAfterLastStep()
   at Pickles.TestHarness.xunit2.MinimalFeatures.FailingFeature.ScenarioCleanup()
   at Pickles.TestHarness.xunit2.MinimalFeatures.FailingFeature.FailingFeatureFailingScenario() in C:\Git\pickles\test-harness\xunit2\Minimal Features\Failing.feature:line 10
            </failure>
        </testcase>
        <testcase name="FailingFeatureInconclusiveScenario" classname="Pickles.TestHarness.xunit2.MinimalFeatures.FailingFeature" time="0.0094078" status="Failed">
            <properties>
                <property name="FeatureTitle" value="Failing"/>
                <property name="Description" value="Failing Feature Inconclusive Scenario"/>
            </properties>
            <failure type="TechTalk.SpecFlow.SpecFlowException" message="TechTalk.SpecFlow.SpecFlowException : Test pending: One or more step definitions are not implemented yet.\r\n  MinimalSteps.ThenInconclusiveStep()">
                at TechTalk.SpecFlow.UnitTestProvider.XUnitRuntimeProvider.TestPending(String message)
   at Pickles.TestHarness.xunit2.MinimalFeatures.FailingFeature.ScenarioCleanup()
   at Pickles.TestHarness.xunit2.MinimalFeatures.FailingFeature.FailingFeatureInconclusiveScenario() in C:\Git\pickles\test-harness\xunit2\Minimal Features\Failing.feature:line 7
            </failure>
        </testcase>
    </testsuite>
    <testsuite name="Pickles.TestHarness.xunit2.ScenarioOutlinesFeature" tests="40" time="0.053" passed="21" failures="19" skipped="0">
        <testcase name="ThisIsAScenarioOutlineWhereAllScenariosPass(result: &quot;pass_1&quot;, exampleTags: [])" classname="Pickles.TestHarness.xunit2.ScenarioOutlinesFeature" time="0.0012641" status="Passed">
            <properties>
                <property name="FeatureTitle" value="Scenario Outlines"/>
                <property name="Description" value="This is a scenario outline where all scenarios pass"/>
            </properties>
        </testcase>
        <testcase name="ThisIsAScenarioOutlineWhereAllScenariosPass(result: &quot;pass_2&quot;, exampleTags: [])" classname="Pickles.TestHarness.xunit2.ScenarioOutlinesFeature" time="0.0002149" status="Passed">
            <properties>
                <property name="FeatureTitle" value="Scenario Outlines"/>
                <property name="Description" value="This is a scenario outline where all scenarios pass"/>
            </properties>
        </testcase>
        <testcase name="ThisIsAScenarioOutlineWhereAllScenariosPass(result: &quot;pass_3&quot;, exampleTags: [])" classname="Pickles.TestHarness.xunit2.ScenarioOutlinesFeature" time="0.0001718" status="Passed">
            <properties>
                <property name="FeatureTitle" value="Scenario Outlines"/>
                <property name="Description" value="This is a scenario outline where all scenarios pass"/>
            </properties>
        </testcase>
        <testcase name="ThisIsAScenarioOutlineWhereOneScenarioFails(result: &quot;pass_1&quot;, exampleTags: [])" classname="Pickles.TestHarness.xunit2.ScenarioOutlinesFeature" time="0.0004384" status="Passed">
            <properties>
                <property name="FeatureTitle" value="Scenario Outlines"/>
                <property name="Description" value="This is a scenario outline where one scenario fails"/>
            </properties>
        </testcase>
        <testcase name="ThisIsAScenarioOutlineWhereOneScenarioFails(result: &quot;pass_2&quot;, exampleTags: [])" classname="Pickles.TestHarness.xunit2.ScenarioOutlinesFeature" time="0.0001432" status="Passed">
            <properties>
                <property name="FeatureTitle" value="Scenario Outlines"/>
                <property name="Description" value="This is a scenario outline where one scenario fails"/>
            </properties>
        </testcase>
        <testcase name="ThisIsAScenarioOutlineWhereOneScenarioFails(result: &quot;fail_1&quot;, exampleTags: [])" classname="Pickles.TestHarness.xunit2.ScenarioOutlinesFeature" time="0.0040003" status="Failed">
            <properties>
                <property name="FeatureTitle" value="Scenario Outlines"/>
                <property name="Description" value="This is a scenario outline where one scenario fails"/>
            </properties>
            <failure type="NFluent.FluentCheckException" message="NFluent.FluentCheckException : \nThe checked value is different from the expected one.\nThe checked value:\n\t[True]\nThe expected value:\n\t[False]">
                at NFluent.Helpers.EqualityHelper.IsEqualTo(Object instance, Object expected)
   at NFluent.Extensibility.Checker`2.ExecuteCheck(Action action, String negatedExceptionMessage)
   at AutomationLayer.MarkTestAs.Failing() in C:\Git\pickles\test-harness\AutomationLayer\MarkTestAs.cs:line 15
   at AutomationLayer.ScenarioOutlineSteps.ThenTheScenarioWill(String result) in C:\Git\pickles\test-harness\AutomationLayer\ScenarioOutlineSteps.cs:line 19
   at TechTalk.SpecFlow.Bindings.BindingInvoker.InvokeBinding(IBinding binding, IContextManager contextManager, Object[] arguments, ITestTracer testTracer, TimeSpan&amp; duration)
   at TechTalk.SpecFlow.Infrastructure.TestExecutionEngine.ExecuteStepMatch(BindingMatch match, Object[] arguments)
   at TechTalk.SpecFlow.Infrastructure.TestExecutionEngine.ExecuteStep(StepInstance stepInstance)
   at TechTalk.SpecFlow.Infrastructure.TestExecutionEngine.OnAfterLastStep()
   at Pickles.TestHarness.xunit2.ScenarioOutlinesFeature.ScenarioCleanup()
   at Pickles.TestHarness.xunit2.ScenarioOutlinesFeature.ThisIsAScenarioOutlineWhereOneScenarioFails(String result, String[] exampleTags) in C:\Git\pickles\test-harness\xunit2\ScenarioOutlines.feature:line 34
            </failure>
        </testcase>
        <testcase name="DealCorrectlyWithOverlongExampleValues(value1: &quot;Please enter a valid two letter country code (e.g.&quot;..., value2: &quot;This is just a very very very veery long error mes&quot;..., exampleTags: [])" classname="Pickles.TestHarness.xunit2.ScenarioOutlinesFeature" time="0.0016796" status="Passed">
            <properties>
                <property name="FeatureTitle" value="Scenario Outlines"/>
                <property name="Description" value="Deal correctly with overlong example values"/>
            </properties>
        </testcase>
        <testcase name="ThisIsAScenarioOutlineWhereOneScenarioIsInconclusive(result: &quot;pass_1&quot;, exampleTags: [])" classname="Pickles.TestHarness.xunit2.ScenarioOutlinesFeature" time="0.0004568" status="Passed">
            <properties>
                <property name="FeatureTitle" value="Scenario Outlines"/>
                <property name="Description" value="This is a scenario outline where one scenario is inconclusive"/>
            </properties>
        </testcase>
        <testcase name="ThisIsAScenarioOutlineWhereOneScenarioIsInconclusive(result: &quot;pass_2&quot;, exampleTags: [])" classname="Pickles.TestHarness.xunit2.ScenarioOutlinesFeature" time="0.0001415" status="Passed">
            <properties>
                <property name="FeatureTitle" value="Scenario Outlines"/>
                <property name="Description" value="This is a scenario outline where one scenario is inconclusive"/>
            </properties>
        </testcase>
        <testcase name="ThisIsAScenarioOutlineWhereOneScenarioIsInconclusive(result: &quot;inconclusive_1&quot;, exampleTags: [])" classname="Pickles.TestHarness.xunit2.ScenarioOutlinesFeature" time="0.0013136" status="Failed">
            <properties>
                <property name="FeatureTitle" value="Scenario Outlines"/>
                <property name="Description" value="This is a scenario outline where one scenario is inconclusive"/>
            </properties>
            <failure type="TechTalk.SpecFlow.SpecFlowException" message="TechTalk.SpecFlow.SpecFlowException : Test pending: One or more step definitions are not implemented yet.\r\n  ScenarioOutlineSteps.ThenTheScenarioWill(&quot;inconclusive_1&quot;)">
                at TechTalk.SpecFlow.UnitTestProvider.XUnitRuntimeProvider.TestPending(String message)
   at Pickles.TestHarness.xunit2.ScenarioOutlinesFeature.ScenarioCleanup()
   at Pickles.TestHarness.xunit2.ScenarioOutlinesFeature.ThisIsAScenarioOutlineWhereOneScenarioIsInconclusive(String result, String[] exampleTags) in C:\Git\pickles\test-harness\xunit2\ScenarioOutlines.feature:line 21
            </failure>
        </testcase>
        <testcase name="AndWeCanGoTotallyBonkersWithMultipleExampleSections_(result: &quot;pass_1&quot;, exampleTags: [])" classname="Pickles.TestHarness.xunit2.ScenarioOutlinesFeature" time="0.0005729" status="Passed">
            <properties>
                <property name="FeatureTitle" value="Scenario Outlines"/>
                <property name="Description" value="And we can go totally bonkers with multiple example sections."/>
            </properties>
        </testcase>
        <testcase name="AndWeCanGoTotallyBonkersWithMultipleExampleSections_(result: &quot;pass_2&quot;, exampleTags: [])" classname="Pickles.TestHarness.xunit2.ScenarioOutlinesFeature" time="0.0001445" status="Passed">
            <properties>
                <property name="FeatureTitle" value="Scenario Outlines"/>
                <property name="Description" value="And we can go totally bonkers with multiple example sections."/>
            </properties>
        </testcase>
        <testcase name="AndWeCanGoTotallyBonkersWithMultipleExampleSections_(result: &quot;inconclusive_1&quot;, exampleTags: [])" classname="Pickles.TestHarness.xunit2.ScenarioOutlinesFeature" time="0.0034204" status="Failed">
            <properties>
                <property name="FeatureTitle" value="Scenario Outlines"/>
                <property name="Description" value="And we can go totally bonkers with multiple example sections."/>
            </properties>
            <failure type="TechTalk.SpecFlow.SpecFlowException" message="TechTalk.SpecFlow.SpecFlowException : Test pending: One or more step definitions are not implemented yet.\r\n  ScenarioOutlineSteps.ThenTheScenarioWill(&quot;inconclusive_1&quot;)">
                at TechTalk.SpecFlow.UnitTestProvider.XUnitRuntimeProvider.TestPending(String message)
   at Pickles.TestHarness.xunit2.ScenarioOutlinesFeature.ScenarioCleanup()
   at Pickles.TestHarness.xunit2.ScenarioOutlinesFeature.AndWeCanGoTotallyBonkersWithMultipleExampleSections_(String result, String[] exampleTags) in C:\Git\pickles\test-harness\xunit2\ScenarioOutlines.feature:line 45
            </failure>
        </testcase>
        <testcase name="AndWeCanGoTotallyBonkersWithMultipleExampleSections_(result: &quot;inconclusive_2&quot;, exampleTags: [])" classname="Pickles.TestHarness.xunit2.ScenarioOutlinesFeature" time="0.0012615" status="Failed">
            <properties>
                <property name="FeatureTitle" value="Scenario Outlines"/>
                <property name="Description" value="And we can go totally bonkers with multiple example sections."/>
            </properties>
            <failure type="TechTalk.SpecFlow.SpecFlowException" message="TechTalk.SpecFlow.SpecFlowException : Test pending: One or more step definitions are not implemented yet.\r\n  ScenarioOutlineSteps.ThenTheScenarioWill(&quot;inconclusive_2&quot;)">
                at TechTalk.SpecFlow.UnitTestProvider.XUnitRuntimeProvider.TestPending(String message)
   at Pickles.TestHarness.xunit2.ScenarioOutlinesFeature.ScenarioCleanup()
   at Pickles.TestHarness.xunit2.ScenarioOutlinesFeature.AndWeCanGoTotallyBonkersWithMultipleExampleSections_(String result, String[] exampleTags) in C:\Git\pickles\test-harness\xunit2\ScenarioOutlines.feature:line 45
            </failure>
        </testcase>
        <testcase name="AndWeCanGoTotallyBonkersWithMultipleExampleSections_(result: &quot;fail_1&quot;, exampleTags: [])" classname="Pickles.TestHarness.xunit2.ScenarioOutlinesFeature" time="0.0010179" status="Failed">
            <properties>
                <property name="FeatureTitle" value="Scenario Outlines"/>
                <property name="Description" value="And we can go totally bonkers with multiple example sections."/>
            </properties>
            <failure type="NFluent.FluentCheckException" message="NFluent.FluentCheckException : \nThe checked value is different from the expected one.\nThe checked value:\n\t[True]\nThe expected value:\n\t[False]">
                at NFluent.Helpers.EqualityHelper.IsEqualTo(Object instance, Object expected)
   at NFluent.Extensibility.Checker`2.ExecuteCheck(Action action, String negatedExceptionMessage)
   at AutomationLayer.MarkTestAs.Failing() in C:\Git\pickles\test-harness\AutomationLayer\MarkTestAs.cs:line 15
   at AutomationLayer.ScenarioOutlineSteps.ThenTheScenarioWill(String result) in C:\Git\pickles\test-harness\AutomationLayer\ScenarioOutlineSteps.cs:line 19
   at TechTalk.SpecFlow.Bindings.BindingInvoker.InvokeBinding(IBinding binding, IContextManager contextManager, Object[] arguments, ITestTracer testTracer, TimeSpan&amp; duration)
   at TechTalk.SpecFlow.Infrastructure.TestExecutionEngine.ExecuteStepMatch(BindingMatch match, Object[] arguments)
   at TechTalk.SpecFlow.Infrastructure.TestExecutionEngine.ExecuteStep(StepInstance stepInstance)
   at TechTalk.SpecFlow.Infrastructure.TestExecutionEngine.OnAfterLastStep()
   at Pickles.TestHarness.xunit2.ScenarioOutlinesFeature.ScenarioCleanup()
   at Pickles.TestHarness.xunit2.ScenarioOutlinesFeature.AndWeCanGoTotallyBonkersWithMultipleExampleSections_(String result, String[] exampleTags) in C:\Git\pickles\test-harness\xunit2\ScenarioOutlines.feature:line 45
            </failure>
        </testcase>
        <testcase name="AndWeCanGoTotallyBonkersWithMultipleExampleSections_(result: &quot;fail_2&quot;, exampleTags: [])" classname="Pickles.TestHarness.xunit2.ScenarioOutlinesFeature" time="0.0021574" status="Failed">
            <properties>
                <property name="FeatureTitle" value="Scenario Outlines"/>
                <property name="Description" value="And we can go totally bonkers with multiple example sections."/>
            </properties>
            <failure type="NFluent.FluentCheckException" message="NFluent.FluentCheckException : \nThe checked value is different from the expected one.\nThe checked value:\n\t[True]\nThe expected value:\n\t[False]">
                at NFluent.Helpers.EqualityHelper.IsEqualTo(Object instance, Object expected)
   at NFluent.Extensibility.Checker`2.ExecuteCheck(Action action, String negatedExceptionMessage)
   at AutomationLayer.MarkTestAs.Failing() in C:\Git\pickles\test-harness\AutomationLayer\MarkTestAs.cs:line 15
   at AutomationLayer.ScenarioOutlineSteps.ThenTheScenarioWill(String result) in C:\Git\pickles\test-harness\AutomationLayer\ScenarioOutlineSteps.cs:line 19
   at TechTalk.SpecFlow.Bindings.BindingInvoker.InvokeBinding(IBinding binding, IContextManager contextManager, Object[] arguments, ITestTracer testTracer, TimeSpan&amp; duration)
   at TechTalk.SpecFlow.Infrastructure.TestExecutionEngine.ExecuteStepMatch(BindingMatch match, Object[] arguments)
   at TechTalk.SpecFlow.Infrastructure.TestExecutionEngine.ExecuteStep(StepInstance stepInstance)
   at TechTalk.SpecFlow.Infrastructure.TestExecutionEngine.OnAfterLastStep()
   at Pickles.TestHarness.xunit2.ScenarioOutlinesFeature.ScenarioCleanup()
   at Pickles.TestHarness.xunit2.ScenarioOutlinesFeature.AndWeCanGoTotallyBonkersWithMultipleExampleSections_(String result, String[] exampleTags) in C:\Git\pickles\test-harness\xunit2\ScenarioOutlines.feature:line 45
            </failure>
        </testcase>
        <testcase name="DealWithDuplicateValues(result: &quot;pass&quot;, exampleTags: [])" classname="Pickles.TestHarness.xunit2.ScenarioOutlinesFeature" time="0.0005493" status="Passed">
            <properties>
                <property name="FeatureTitle" value="Scenario Outlines"/>
                <property name="Description" value="Deal with duplicate values"/>
            </properties>
        </testcase>
        <testcase name="DealWithDuplicateValues(result: &quot;fail&quot;, exampleTags: [])" classname="Pickles.TestHarness.xunit2.ScenarioOutlinesFeature" time="0.0010346" status="Failed">
            <properties>
                <property name="FeatureTitle" value="Scenario Outlines"/>
                <property name="Description" value="Deal with duplicate values"/>
            </properties>
            <failure type="NFluent.FluentCheckException" message="NFluent.FluentCheckException : \nThe checked value is different from the expected one.\nThe checked value:\n\t[True]\nThe expected value:\n\t[False]">
                at NFluent.Helpers.EqualityHelper.IsEqualTo(Object instance, Object expected)
   at NFluent.Extensibility.Checker`2.ExecuteCheck(Action action, String negatedExceptionMessage)
   at AutomationLayer.MarkTestAs.Failing() in C:\Git\pickles\test-harness\AutomationLayer\MarkTestAs.cs:line 15
   at AutomationLayer.ScenarioOutlineSteps.ThenTheScenarioWill(String result) in C:\Git\pickles\test-harness\AutomationLayer\ScenarioOutlineSteps.cs:line 19
   at TechTalk.SpecFlow.Bindings.BindingInvoker.InvokeBinding(IBinding binding, IContextManager contextManager, Object[] arguments, ITestTracer testTracer, TimeSpan&amp; duration)
   at TechTalk.SpecFlow.Infrastructure.TestExecutionEngine.ExecuteStepMatch(BindingMatch match, Object[] arguments)
   at TechTalk.SpecFlow.Infrastructure.TestExecutionEngine.ExecuteStep(StepInstance stepInstance)
   at TechTalk.SpecFlow.Infrastructure.TestExecutionEngine.OnAfterLastStep()
   at Pickles.TestHarness.xunit2.ScenarioOutlinesFeature.ScenarioCleanup()
   at Pickles.TestHarness.xunit2.ScenarioOutlinesFeature.DealWithDuplicateValues(String result, String[] exampleTags) in C:\Git\pickles\test-harness\xunit2\ScenarioOutlines.feature:line 91
            </failure>
        </testcase>
        <testcase name="DealWithDuplicateValues(result: &quot;inconclusive&quot;, exampleTags: [])" classname="Pickles.TestHarness.xunit2.ScenarioOutlinesFeature" time="0.0037511" status="Failed">
            <properties>
                <property name="FeatureTitle" value="Scenario Outlines"/>
                <property name="Description" value="Deal with duplicate values"/>
            </properties>
            <failure type="TechTalk.SpecFlow.SpecFlowException" message="TechTalk.SpecFlow.SpecFlowException : Test pending: One or more step definitions are not implemented yet.\r\n  ScenarioOutlineSteps.ThenTheScenarioWill(&quot;inconclusive&quot;)">
                at TechTalk.SpecFlow.UnitTestProvider.XUnitRuntimeProvider.TestPending(String message)
   at Pickles.TestHarness.xunit2.ScenarioOutlinesFeature.ScenarioCleanup()
   at Pickles.TestHarness.xunit2.ScenarioOutlinesFeature.DealWithDuplicateValues(String result, String[] exampleTags) in C:\Git\pickles\test-harness\xunit2\ScenarioOutlines.feature:line 91
            </failure>
        </testcase>
        <testcase name="DealWithDuplicateValues(result: &quot;pass&quot;, exampleTags: [])" classname="Pickles.TestHarness.xunit2.ScenarioOutlinesFeature" time="0.000209" status="Passed">
            <properties>
                <property name="FeatureTitle" value="Scenario Outlines"/>
                <property name="Description" value="Deal with duplicate values"/>
            </properties>
        </testcase>
        <testcase name="DealWithDuplicateValues(result: &quot;fail&quot;, exampleTags: [])" classname="Pickles.TestHarness.xunit2.ScenarioOutlinesFeature" time="0.0010528" status="Failed">
            <properties>
                <property name="FeatureTitle" value="Scenario Outlines"/>
                <property name="Description" value="Deal with duplicate values"/>
            </properties>
            <failure type="NFluent.FluentCheckException" message="NFluent.FluentCheckException : \nThe checked value is different from the expected one.\nThe checked value:\n\t[True]\nThe expected value:\n\t[False]">
                at NFluent.Helpers.EqualityHelper.IsEqualTo(Object instance, Object expected)
   at NFluent.Extensibility.Checker`2.ExecuteCheck(Action action, String negatedExceptionMessage)
   at AutomationLayer.MarkTestAs.Failing() in C:\Git\pickles\test-harness\AutomationLayer\MarkTestAs.cs:line 15
   at AutomationLayer.ScenarioOutlineSteps.ThenTheScenarioWill(String result) in C:\Git\pickles\test-harness\AutomationLayer\ScenarioOutlineSteps.cs:line 19
   at TechTalk.SpecFlow.Bindings.BindingInvoker.InvokeBinding(IBinding binding, IContextManager contextManager, Object[] arguments, ITestTracer testTracer, TimeSpan&amp; duration)
   at TechTalk.SpecFlow.Infrastructure.TestExecutionEngine.ExecuteStepMatch(BindingMatch match, Object[] arguments)
   at TechTalk.SpecFlow.Infrastructure.TestExecutionEngine.ExecuteStep(StepInstance stepInstance)
   at TechTalk.SpecFlow.Infrastructure.TestExecutionEngine.OnAfterLastStep()
   at Pickles.TestHarness.xunit2.ScenarioOutlinesFeature.ScenarioCleanup()
   at Pickles.TestHarness.xunit2.ScenarioOutlinesFeature.DealWithDuplicateValues(String result, String[] exampleTags) in C:\Git\pickles\test-harness\xunit2\ScenarioOutlines.feature:line 91
            </failure>
        </testcase>
        <testcase name="DealCorrectlyWithParenthesisInTheExamples(overlyDescriptiveField: &quot;This is a description (and more)&quot;, exampleTags: [])" classname="Pickles.TestHarness.xunit2.ScenarioOutlinesFeature" time="0.0014902" status="Passed">
            <properties>
                <property name="FeatureTitle" value="Scenario Outlines"/>
                <property name="Description" value="Deal correctly with parenthesis in the examples"/>
            </properties>
        </testcase>
        <testcase name="DealCorrectlyWithBackslashesInTheExamples(filePath: &quot;c:\Temp\&quot;, exampleTags: [])" classname="Pickles.TestHarness.xunit2.ScenarioOutlinesFeature" time="0.0010695" status="Passed">
            <properties>
                <property name="FeatureTitle" value="Scenario Outlines"/>
                <property name="Description" value="Deal correctly with backslashes in the examples"/>
            </properties>
        </testcase>
        <testcase name="DealWithMultipleNamedExampleSectionsWithDuplicateValues(result: &quot;pass&quot;, exampleTags: [])" classname="Pickles.TestHarness.xunit2.ScenarioOutlinesFeature" time="0.0004573" status="Passed">
            <properties>
                <property name="FeatureTitle" value="Scenario Outlines"/>
                <property name="Description" value="Deal with multiple named example sections with duplicate values"/>
            </properties>
        </testcase>
        <testcase name="DealWithMultipleNamedExampleSectionsWithDuplicateValues(result: &quot;fail&quot;, exampleTags: [])" classname="Pickles.TestHarness.xunit2.ScenarioOutlinesFeature" time="0.0038342" status="Failed">
            <properties>
                <property name="FeatureTitle" value="Scenario Outlines"/>
                <property name="Description" value="Deal with multiple named example sections with duplicate values"/>
            </properties>
            <failure type="NFluent.FluentCheckException" message="NFluent.FluentCheckException : \nThe checked value is different from the expected one.\nThe checked value:\n\t[True]\nThe expected value:\n\t[False]">
                at NFluent.Helpers.EqualityHelper.IsEqualTo(Object instance, Object expected)
   at NFluent.Extensibility.Checker`2.ExecuteCheck(Action action, String negatedExceptionMessage)
   at AutomationLayer.MarkTestAs.Failing() in C:\Git\pickles\test-harness\AutomationLayer\MarkTestAs.cs:line 15
   at AutomationLayer.ScenarioOutlineSteps.ThenTheScenarioWill(String result) in C:\Git\pickles\test-harness\AutomationLayer\ScenarioOutlineSteps.cs:line 19
   at TechTalk.SpecFlow.Bindings.BindingInvoker.InvokeBinding(IBinding binding, IContextManager contextManager, Object[] arguments, ITestTracer testTracer, TimeSpan&amp; duration)
   at TechTalk.SpecFlow.Infrastructure.TestExecutionEngine.ExecuteStepMatch(BindingMatch match, Object[] arguments)
   at TechTalk.SpecFlow.Infrastructure.TestExecutionEngine.ExecuteStep(StepInstance stepInstance)
   at TechTalk.SpecFlow.Infrastructure.TestExecutionEngine.OnAfterLastStep()
   at Pickles.TestHarness.xunit2.ScenarioOutlinesFeature.ScenarioCleanup()
   at Pickles.TestHarness.xunit2.ScenarioOutlinesFeature.DealWithMultipleNamedExampleSectionsWithDuplicateValues(String result, String[] exampleTags) in C:\Git\pickles\test-harness\xunit2\ScenarioOutlines.feature:line 130
            </failure>
        </testcase>
        <testcase name="DealWithMultipleNamedExampleSectionsWithDuplicateValues(result: &quot;pass&quot;, exampleTags: [])" classname="Pickles.TestHarness.xunit2.ScenarioOutlinesFeature" time="0.0002768" status="Passed">
            <properties>
                <property name="FeatureTitle" value="Scenario Outlines"/>
                <property name="Description" value="Deal with multiple named example sections with duplicate values"/>
            </properties>
        </testcase>
        <testcase name="DealWithMultipleNamedExampleSectionsWithDuplicateValues(result: &quot;fail&quot;, exampleTags: [])" classname="Pickles.TestHarness.xunit2.ScenarioOutlinesFeature" time="0.0010541" status="Failed">
            <properties>
                <property name="FeatureTitle" value="Scenario Outlines"/>
                <property name="Description" value="Deal with multiple named example sections with duplicate values"/>
            </properties>
            <failure type="NFluent.FluentCheckException" message="NFluent.FluentCheckException : \nThe checked value is different from the expected one.\nThe checked value:\n\t[True]\nThe expected value:\n\t[False]">
                at NFluent.Helpers.EqualityHelper.IsEqualTo(Object instance, Object expected)
   at NFluent.Extensibility.Checker`2.ExecuteCheck(Action action, String negatedExceptionMessage)
   at AutomationLayer.MarkTestAs.Failing() in C:\Git\pickles\test-harness\AutomationLayer\MarkTestAs.cs:line 15
   at AutomationLayer.ScenarioOutlineSteps.ThenTheScenarioWill(String result) in C:\Git\pickles\test-harness\AutomationLayer\ScenarioOutlineSteps.cs:line 19
   at TechTalk.SpecFlow.Bindings.BindingInvoker.InvokeBinding(IBinding binding, IContextManager contextManager, Object[] arguments, ITestTracer testTracer, TimeSpan&amp; duration)
   at TechTalk.SpecFlow.Infrastructure.TestExecutionEngine.ExecuteStepMatch(BindingMatch match, Object[] arguments)
   at TechTalk.SpecFlow.Infrastructure.TestExecutionEngine.ExecuteStep(StepInstance stepInstance)
   at TechTalk.SpecFlow.Infrastructure.TestExecutionEngine.OnAfterLastStep()
   at Pickles.TestHarness.xunit2.ScenarioOutlinesFeature.ScenarioCleanup()
   at Pickles.TestHarness.xunit2.ScenarioOutlinesFeature.DealWithMultipleNamedExampleSectionsWithDuplicateValues(String result, String[] exampleTags) in C:\Git\pickles\test-harness\xunit2\ScenarioOutlines.feature:line 130
            </failure>
        </testcase>
        <testcase name="DealWithMultipleNamedExampleSectionsWithDuplicateValues(result: &quot;inconclusive&quot;, exampleTags: [])" classname="Pickles.TestHarness.xunit2.ScenarioOutlinesFeature" time="0.0012803" status="Failed">
            <properties>
                <property name="FeatureTitle" value="Scenario Outlines"/>
                <property name="Description" value="Deal with multiple named example sections with duplicate values"/>
            </properties>
            <failure type="TechTalk.SpecFlow.SpecFlowException" message="TechTalk.SpecFlow.SpecFlowException : Test pending: One or more step definitions are not implemented yet.\r\n  ScenarioOutlineSteps.ThenTheScenarioWill(&quot;inconclusive&quot;)">
                at TechTalk.SpecFlow.UnitTestProvider.XUnitRuntimeProvider.TestPending(String message)
   at Pickles.TestHarness.xunit2.ScenarioOutlinesFeature.ScenarioCleanup()
   at Pickles.TestHarness.xunit2.ScenarioOutlinesFeature.DealWithMultipleNamedExampleSectionsWithDuplicateValues(String result, String[] exampleTags) in C:\Git\pickles\test-harness\xunit2\ScenarioOutlines.feature:line 130
            </failure>
        </testcase>
        <testcase name="DealWithMultipleNamedExampleSectionsWithDuplicateValues(result: &quot;fail&quot;, exampleTags: [])" classname="Pickles.TestHarness.xunit2.ScenarioOutlinesFeature" time="0.001451" status="Failed">
            <properties>
                <property name="FeatureTitle" value="Scenario Outlines"/>
                <property name="Description" value="Deal with multiple named example sections with duplicate values"/>
            </properties>
            <failure type="NFluent.FluentCheckException" message="NFluent.FluentCheckException : \nThe checked value is different from the expected one.\nThe checked value:\n\t[True]\nThe expected value:\n\t[False]">
                at NFluent.Helpers.EqualityHelper.IsEqualTo(Object instance, Object expected)
   at NFluent.Extensibility.Checker`2.ExecuteCheck(Action action, String negatedExceptionMessage)
   at AutomationLayer.MarkTestAs.Failing() in C:\Git\pickles\test-harness\AutomationLayer\MarkTestAs.cs:line 15
   at AutomationLayer.ScenarioOutlineSteps.ThenTheScenarioWill(String result) in C:\Git\pickles\test-harness\AutomationLayer\ScenarioOutlineSteps.cs:line 19
   at TechTalk.SpecFlow.Bindings.BindingInvoker.InvokeBinding(IBinding binding, IContextManager contextManager, Object[] arguments, ITestTracer testTracer, TimeSpan&amp; duration)
   at TechTalk.SpecFlow.Infrastructure.TestExecutionEngine.ExecuteStepMatch(BindingMatch match, Object[] arguments)
   at TechTalk.SpecFlow.Infrastructure.TestExecutionEngine.ExecuteStep(StepInstance stepInstance)
   at TechTalk.SpecFlow.Infrastructure.TestExecutionEngine.OnAfterLastStep()
   at Pickles.TestHarness.xunit2.ScenarioOutlinesFeature.ScenarioCleanup()
   at Pickles.TestHarness.xunit2.ScenarioOutlinesFeature.DealWithMultipleNamedExampleSectionsWithDuplicateValues(String result, String[] exampleTags) in C:\Git\pickles\test-harness\xunit2\ScenarioOutlines.feature:line 130
            </failure>
        </testcase>
        <testcase name="DealWithMultipleNamedExampleSectionsWithDuplicateValues(result: &quot;pass&quot;, exampleTags: [])" classname="Pickles.TestHarness.xunit2.ScenarioOutlinesFeature" time="0.0001945" status="Passed">
            <properties>
                <property name="FeatureTitle" value="Scenario Outlines"/>
                <property name="Description" value="Deal with multiple named example sections with duplicate values"/>
            </properties>
        </testcase>
        <testcase name="DealWithMultipleExampleSectionsWithDuplicateValues(result: &quot;pass&quot;, exampleTags: [])" classname="Pickles.TestHarness.xunit2.ScenarioOutlinesFeature" time="0.0005891" status="Passed">
            <properties>
                <property name="FeatureTitle" value="Scenario Outlines"/>
                <property name="Description" value="Deal with multiple example sections with duplicate values"/>
            </properties>
        </testcase>
        <testcase name="DealWithMultipleExampleSectionsWithDuplicateValues(result: &quot;fail&quot;, exampleTags: [])" classname="Pickles.TestHarness.xunit2.ScenarioOutlinesFeature" time="0.003554" status="Failed">
            <properties>
                <property name="FeatureTitle" value="Scenario Outlines"/>
                <property name="Description" value="Deal with multiple example sections with duplicate values"/>
            </properties>
            <failure type="NFluent.FluentCheckException" message="NFluent.FluentCheckException : \nThe checked value is different from the expected one.\nThe checked value:\n\t[True]\nThe expected value:\n\t[False]">
                at NFluent.Helpers.EqualityHelper.IsEqualTo(Object instance, Object expected)
   at NFluent.Extensibility.Checker`2.ExecuteCheck(Action action, String negatedExceptionMessage)
   at AutomationLayer.MarkTestAs.Failing() in C:\Git\pickles\test-harness\AutomationLayer\MarkTestAs.cs:line 15
   at AutomationLayer.ScenarioOutlineSteps.ThenTheScenarioWill(String result) in C:\Git\pickles\test-harness\AutomationLayer\ScenarioOutlineSteps.cs:line 19
   at TechTalk.SpecFlow.Bindings.BindingInvoker.InvokeBinding(IBinding binding, IContextManager contextManager, Object[] arguments, ITestTracer testTracer, TimeSpan&amp; duration)
   at TechTalk.SpecFlow.Infrastructure.TestExecutionEngine.ExecuteStepMatch(BindingMatch match, Object[] arguments)
   at TechTalk.SpecFlow.Infrastructure.TestExecutionEngine.ExecuteStep(StepInstance stepInstance)
   at TechTalk.SpecFlow.Infrastructure.TestExecutionEngine.OnAfterLastStep()
   at Pickles.TestHarness.xunit2.ScenarioOutlinesFeature.ScenarioCleanup()
   at Pickles.TestHarness.xunit2.ScenarioOutlinesFeature.DealWithMultipleExampleSectionsWithDuplicateValues(String result, String[] exampleTags) in C:\Git\pickles\test-harness\xunit2\ScenarioOutlines.feature:line 102
            </failure>
        </testcase>
        <testcase name="DealWithMultipleExampleSectionsWithDuplicateValues(result: &quot;pass&quot;, exampleTags: [])" classname="Pickles.TestHarness.xunit2.ScenarioOutlinesFeature" time="0.0002798" status="Passed">
            <properties>
                <property name="FeatureTitle" value="Scenario Outlines"/>
                <property name="Description" value="Deal with multiple example sections with duplicate values"/>
            </properties>
        </testcase>
        <testcase name="DealWithMultipleExampleSectionsWithDuplicateValues(result: &quot;fail&quot;, exampleTags: [])" classname="Pickles.TestHarness.xunit2.ScenarioOutlinesFeature" time="0.0047909" status="Failed">
            <properties>
                <property name="FeatureTitle" value="Scenario Outlines"/>
                <property name="Description" value="Deal with multiple example sections with duplicate values"/>
            </properties>
            <failure type="NFluent.FluentCheckException" message="NFluent.FluentCheckException : \nThe checked value is different from the expected one.\nThe checked value:\n\t[True]\nThe expected value:\n\t[False]">
                at NFluent.Helpers.EqualityHelper.IsEqualTo(Object instance, Object expected)
   at NFluent.Extensibility.Checker`2.ExecuteCheck(Action action, String negatedExceptionMessage)
   at AutomationLayer.MarkTestAs.Failing() in C:\Git\pickles\test-harness\AutomationLayer\MarkTestAs.cs:line 15
   at AutomationLayer.ScenarioOutlineSteps.ThenTheScenarioWill(String result) in C:\Git\pickles\test-harness\AutomationLayer\ScenarioOutlineSteps.cs:line 19
   at TechTalk.SpecFlow.Bindings.BindingInvoker.InvokeBinding(IBinding binding, IContextManager contextManager, Object[] arguments, ITestTracer testTracer, TimeSpan&amp; duration)
   at TechTalk.SpecFlow.Infrastructure.TestExecutionEngine.ExecuteStepMatch(BindingMatch match, Object[] arguments)
   at TechTalk.SpecFlow.Infrastructure.TestExecutionEngine.ExecuteStep(StepInstance stepInstance)
   at TechTalk.SpecFlow.Infrastructure.TestExecutionEngine.OnAfterLastStep()
   at Pickles.TestHarness.xunit2.ScenarioOutlinesFeature.ScenarioCleanup()
   at Pickles.TestHarness.xunit2.ScenarioOutlinesFeature.DealWithMultipleExampleSectionsWithDuplicateValues(String result, String[] exampleTags) in C:\Git\pickles\test-harness\xunit2\ScenarioOutlines.feature:line 102
            </failure>
        </testcase>
        <testcase name="DealWithMultipleExampleSectionsWithDuplicateValues(result: &quot;inconclusive&quot;, exampleTags: [])" classname="Pickles.TestHarness.xunit2.ScenarioOutlinesFeature" time="0.0014314" status="Failed">
            <properties>
                <property name="FeatureTitle" value="Scenario Outlines"/>
                <property name="Description" value="Deal with multiple example sections with duplicate values"/>
            </properties>
            <failure type="TechTalk.SpecFlow.SpecFlowException" message="TechTalk.SpecFlow.SpecFlowException : Test pending: One or more step definitions are not implemented yet.\r\n  ScenarioOutlineSteps.ThenTheScenarioWill(&quot;inconclusive&quot;)">
                at TechTalk.SpecFlow.UnitTestProvider.XUnitRuntimeProvider.TestPending(String message)
   at Pickles.TestHarness.xunit2.ScenarioOutlinesFeature.ScenarioCleanup()
   at Pickles.TestHarness.xunit2.ScenarioOutlinesFeature.DealWithMultipleExampleSectionsWithDuplicateValues(String result, String[] exampleTags) in C:\Git\pickles\test-harness\xunit2\ScenarioOutlines.feature:line 102
            </failure>
        </testcase>
        <testcase name="DealWithMultipleExampleSectionsWithDuplicateValues(result: &quot;fail&quot;, exampleTags: [])" classname="Pickles.TestHarness.xunit2.ScenarioOutlinesFeature" time="0.0010222" status="Failed">
            <properties>
                <property name="FeatureTitle" value="Scenario Outlines"/>
                <property name="Description" value="Deal with multiple example sections with duplicate values"/>
            </properties>
            <failure type="NFluent.FluentCheckException" message="NFluent.FluentCheckException : \nThe checked value is different from the expected one.\nThe checked value:\n\t[True]\nThe expected value:\n\t[False]">
                at NFluent.Helpers.EqualityHelper.IsEqualTo(Object instance, Object expected)
   at NFluent.Extensibility.Checker`2.ExecuteCheck(Action action, String negatedExceptionMessage)
   at AutomationLayer.MarkTestAs.Failing() in C:\Git\pickles\test-harness\AutomationLayer\MarkTestAs.cs:line 15
   at AutomationLayer.ScenarioOutlineSteps.ThenTheScenarioWill(String result) in C:\Git\pickles\test-harness\AutomationLayer\ScenarioOutlineSteps.cs:line 19
   at TechTalk.SpecFlow.Bindings.BindingInvoker.InvokeBinding(IBinding binding, IContextManager contextManager, Object[] arguments, ITestTracer testTracer, TimeSpan&amp; duration)
   at TechTalk.SpecFlow.Infrastructure.TestExecutionEngine.ExecuteStepMatch(BindingMatch match, Object[] arguments)
   at TechTalk.SpecFlow.Infrastructure.TestExecutionEngine.ExecuteStep(StepInstance stepInstance)
   at TechTalk.SpecFlow.Infrastructure.TestExecutionEngine.OnAfterLastStep()
   at Pickles.TestHarness.xunit2.ScenarioOutlinesFeature.ScenarioCleanup()
   at Pickles.TestHarness.xunit2.ScenarioOutlinesFeature.DealWithMultipleExampleSectionsWithDuplicateValues(String result, String[] exampleTags) in C:\Git\pickles\test-harness\xunit2\ScenarioOutlines.feature:line 102
            </failure>
        </testcase>
        <testcase name="DealWithMultipleExampleSectionsWithDuplicateValues(result: &quot;pass&quot;, exampleTags: [])" classname="Pickles.TestHarness.xunit2.ScenarioOutlinesFeature" time="0.0024869" status="Passed">
            <properties>
                <property name="FeatureTitle" value="Scenario Outlines"/>
                <property name="Description" value="Deal with multiple example sections with duplicate values"/>
            </properties>
        </testcase>
        <testcase name="DealWithMultipleNamedExampleSectionsWithoutDuplicateValues(result: &quot;pass&quot;, exampleTags: [])" classname="Pickles.TestHarness.xunit2.ScenarioOutlinesFeature" time="0.0004692" status="Passed">
            <properties>
                <property name="FeatureTitle" value="Scenario Outlines"/>
                <property name="Description" value="Deal with multiple named example sections without duplicate values"/>
            </properties>
        </testcase>
        <testcase name="DealWithMultipleNamedExampleSectionsWithoutDuplicateValues(result: &quot;fail&quot;, exampleTags: [])" classname="Pickles.TestHarness.xunit2.ScenarioOutlinesFeature" time="0.0011992" status="Failed">
            <properties>
                <property name="FeatureTitle" value="Scenario Outlines"/>
                <property name="Description" value="Deal with multiple named example sections without duplicate values"/>
            </properties>
            <failure type="NFluent.FluentCheckException" message="NFluent.FluentCheckException : \nThe checked value is different from the expected one.\nThe checked value:\n\t[True]\nThe expected value:\n\t[False]">
                at NFluent.Helpers.EqualityHelper.IsEqualTo(Object instance, Object expected)
   at NFluent.Extensibility.Checker`2.ExecuteCheck(Action action, String negatedExceptionMessage)
   at AutomationLayer.MarkTestAs.Failing() in C:\Git\pickles\test-harness\AutomationLayer\MarkTestAs.cs:line 15
   at AutomationLayer.ScenarioOutlineSteps.ThenTheScenarioWill(String result) in C:\Git\pickles\test-harness\AutomationLayer\ScenarioOutlineSteps.cs:line 19
   at TechTalk.SpecFlow.Bindings.BindingInvoker.InvokeBinding(IBinding binding, IContextManager contextManager, Object[] arguments, ITestTracer testTracer, TimeSpan&amp; duration)
   at TechTalk.SpecFlow.Infrastructure.TestExecutionEngine.ExecuteStepMatch(BindingMatch match, Object[] arguments)
   at TechTalk.SpecFlow.Infrastructure.TestExecutionEngine.ExecuteStep(StepInstance stepInstance)
   at TechTalk.SpecFlow.Infrastructure.TestExecutionEngine.OnAfterLastStep()
   at Pickles.TestHarness.xunit2.ScenarioOutlinesFeature.ScenarioCleanup()
   at Pickles.TestHarness.xunit2.ScenarioOutlinesFeature.DealWithMultipleNamedExampleSectionsWithoutDuplicateValues(String result, String[] exampleTags) in C:\Git\pickles\test-harness\xunit2\ScenarioOutlines.feature:line 118
            </failure>
        </testcase>
        <testcase name="DealWithMultipleNamedExampleSectionsWithoutDuplicateValues(result: &quot;inconclusive&quot;, exampleTags: [])" classname="Pickles.TestHarness.xunit2.ScenarioOutlinesFeature" time="0.0012875" status="Failed">
            <properties>
                <property name="FeatureTitle" value="Scenario Outlines"/>
                <property name="Description" value="Deal with multiple named example sections without duplicate values"/>
            </properties>
            <failure type="TechTalk.SpecFlow.SpecFlowException" message="TechTalk.SpecFlow.SpecFlowException : Test pending: One or more step definitions are not implemented yet.\r\n  ScenarioOutlineSteps.ThenTheScenarioWill(&quot;inconclusive&quot;)">
                at TechTalk.SpecFlow.UnitTestProvider.XUnitRuntimeProvider.TestPending(String message)
   at Pickles.TestHarness.xunit2.ScenarioOutlinesFeature.ScenarioCleanup()
   at Pickles.TestHarness.xunit2.ScenarioOutlinesFeature.DealWithMultipleNamedExampleSectionsWithoutDuplicateValues(String result, String[] exampleTags) in C:\Git\pickles\test-harness\xunit2\ScenarioOutlines.feature:line 118
            </failure>
        </testcase>
    </testsuite>
    <testsuite name="Pickles.TestHarness.xunit2.MinimalFeatures.PassingFeature" tests="1" time="0.003" passed="1" failures="0" skipped="0">
        <testcase name="PassingFeaturePassingScenario" classname="Pickles.TestHarness.xunit2.MinimalFeatures.PassingFeature" time="0.0029853" status="Passed">
            <properties>
                <property name="FeatureTitle" value="Passing"/>
                <property name="Description" value="Passing Feature Passing Scenario"/>
            </properties>
        </testcase>
    </testsuite>
    <testsuite name="Pickles.TestHarness.xunit2.ScenariosWithSpecialCharactersFeature" tests="13" time="0.354" passed="13" failures="0" skipped="0">
        <testcase name="ThisIsAScenarioOutlineWithParenthesesHyphenAndComma10_2030_40(result: &quot;pass_1&quot;, exampleTags: [])" classname="Pickles.TestHarness.xunit2.ScenariosWithSpecialCharactersFeature" time="0.1972197" status="Passed">
            <properties>
                <property name="FeatureTitle" value="Scenarios With Special Characters"/>
                <property name="Description" value="This is a scenario outline with parentheses, hyphen and comma (10-20, 30-40)"/>
            </properties>
        </testcase>
        <testcase name="ThisIsAScenarioOutlineWithAmpersand(result: &quot;pass_1&quot;, exampleTags: [])" classname="Pickles.TestHarness.xunit2.ScenariosWithSpecialCharactersFeature" time="0.0014871" status="Passed">
            <properties>
                <property name="FeatureTitle" value="Scenarios With Special Characters"/>
                <property name="Description" value="This is a scenario outline with ampersand &amp;"/>
            </properties>
        </testcase>
        <testcase name="ThisIsAScenarioWithSpanishCharactersNaeiou" classname="Pickles.TestHarness.xunit2.ScenariosWithSpecialCharactersFeature" time="0.0011728" status="Passed">
            <properties>
                <property name="FeatureTitle" value="Scenarios With Special Characters"/>
                <property name="Description" value="This is a scenario with spanish characters ñáéíóú"/>
            </properties>
        </testcase>
        <testcase name="ThisIsAScenarioWithParenthesesHyphenAndComma10_2030_40" classname="Pickles.TestHarness.xunit2.ScenariosWithSpecialCharactersFeature" time="0.1495393" status="Passed">
            <properties>
                <property name="FeatureTitle" value="Scenarios With Special Characters"/>
                <property name="Description" value="This is a scenario with parentheses, hyphen and comma (10-20, 30-40)"/>
            </properties>
        </testcase>
        <testcase name="ThisScenarioContainsExamplesWithRegex_SpecialCharacters(regex: &quot;**&quot;, exampleTags: [])" classname="Pickles.TestHarness.xunit2.ScenariosWithSpecialCharactersFeature" time="0.0015785" status="Passed">
            <properties>
                <property name="FeatureTitle" value="Scenarios With Special Characters"/>
                <property name="Description" value="This scenario contains examples with Regex-special characters"/>
            </properties>
        </testcase>
        <testcase name="ThisScenarioContainsExamplesWithRegex_SpecialCharacters(regex: &quot;++&quot;, exampleTags: [])" classname="Pickles.TestHarness.xunit2.ScenariosWithSpecialCharactersFeature" time="0.0005067" status="Passed">
            <properties>
                <property name="FeatureTitle" value="Scenarios With Special Characters"/>
                <property name="Description" value="This scenario contains examples with Regex-special characters"/>
            </properties>
        </testcase>
        <testcase name="ThisScenarioContainsExamplesWithRegex_SpecialCharacters(regex: &quot;.*&quot;, exampleTags: [])" classname="Pickles.TestHarness.xunit2.ScenariosWithSpecialCharactersFeature" time="0.0003556" status="Passed">
            <properties>
                <property name="FeatureTitle" value="Scenarios With Special Characters"/>
                <property name="Description" value="This scenario contains examples with Regex-special characters"/>
            </properties>
        </testcase>
        <testcase name="ThisScenarioContainsExamplesWithRegex_SpecialCharacters(regex: &quot;[]&quot;, exampleTags: [])" classname="Pickles.TestHarness.xunit2.ScenariosWithSpecialCharactersFeature" time="0.0003344" status="Passed">
            <properties>
                <property name="FeatureTitle" value="Scenarios With Special Characters"/>
                <property name="Description" value="This scenario contains examples with Regex-special characters"/>
            </properties>
        </testcase>
        <testcase name="ThisScenarioContainsExamplesWithRegex_SpecialCharacters(regex: &quot;{}&quot;, exampleTags: [])" classname="Pickles.TestHarness.xunit2.ScenariosWithSpecialCharactersFeature" time="0.0003677" status="Passed">
            <properties>
                <property name="FeatureTitle" value="Scenarios With Special Characters"/>
                <property name="Description" value="This scenario contains examples with Regex-special characters"/>
            </properties>
        </testcase>
        <testcase name="ThisScenarioContainsExamplesWithRegex_SpecialCharacters(regex: &quot;()&quot;, exampleTags: [])" classname="Pickles.TestHarness.xunit2.ScenariosWithSpecialCharactersFeature" time="0.0003259" status="Passed">
            <properties>
                <property name="FeatureTitle" value="Scenarios With Special Characters"/>
                <property name="Description" value="This scenario contains examples with Regex-special characters"/>
            </properties>
        </testcase>
        <testcase name="ThisScenarioContainsExamplesWithRegex_SpecialCharacters(regex: &quot;^.*(?&lt;foo&gt;BAR)\s[^0-9]{3,4}A+$&quot;, exampleTags: [])" classname="Pickles.TestHarness.xunit2.ScenariosWithSpecialCharactersFeature" time="0.0003361" status="Passed">
            <properties>
                <property name="FeatureTitle" value="Scenarios With Special Characters"/>
                <property name="Description" value="This scenario contains examples with Regex-special characters"/>
            </properties>
        </testcase>
        <testcase name="ThisIsAScenarioOutlineWithGermanUmlautsAouBAOU(result: &quot;pass_1&quot;, exampleTags: [])" classname="Pickles.TestHarness.xunit2.ScenariosWithSpecialCharactersFeature" time="0.0005635" status="Passed">
            <properties>
                <property name="FeatureTitle" value="Scenarios With Special Characters"/>
                <property name="Description" value="This is a scenario outline with german umlauts äöüß ÄÖÜ"/>
            </properties>
        </testcase>
        <testcase name="ThisIsAScenarioWithDanishCharactersAEoaAEOA" classname="Pickles.TestHarness.xunit2.ScenariosWithSpecialCharactersFeature" time="0.0004261" status="Passed">
            <properties>
                <property name="FeatureTitle" value="Scenarios With Special Characters"/>
                <property name="Description" value="This is a scenario with danish characters æøå ÆØÅ"/>
            </properties>
        </testcase>
    </testsuite>
    <testsuite name="Pickles.TestHarness.xunit2.AdditionFeature" tests="6" time="0.195" passed="3" failures="2" skipped="1">
        <testcase name="AddingSeveralNumbers(firstNumber: &quot;60&quot;, secondNumber: &quot;70&quot;, thirdNumber: &quot;130&quot;, result: &quot;260&quot;, exampleTags: [])" classname="Pickles.TestHarness.xunit2.AdditionFeature" time="0.0026622" status="Passed">
            <properties>
                <property name="FeatureTitle" value="Addition"/>
                <property name="Description" value="Adding several numbers"/>
            </properties>
        </testcase>
        <testcase name="AddingSeveralNumbers(firstNumber: &quot;40&quot;, secondNumber: &quot;50&quot;, thirdNumber: &quot;90&quot;, result: &quot;180&quot;, exampleTags: [])" classname="Pickles.TestHarness.xunit2.AdditionFeature" time="0.0007781" status="Passed">
            <properties>
                <property name="FeatureTitle" value="Addition"/>
                <property name="Description" value="Adding several numbers"/>
            </properties>
        </testcase>
        <testcase name="NotAutomatedAddingTwoNumbers" classname="Pickles.TestHarness.xunit2.AdditionFeature" time="0.1856882" status="Failed">
            <properties>
                <property name="FeatureTitle" value="Addition"/>
                <property name="Description" value="Not automated adding two numbers"/>
            </properties>
            <failure type="TechTalk.SpecFlow.SpecFlowException" message="TechTalk.SpecFlow.SpecFlowException : Test pending: No matching step definition found for one or more steps.\r\nusing System;\r\nusing TechTalk.SpecFlow;\r\n\r\nnamespace MyNamespace\r\n{\r\n    [Binding]\r\n    public class StepDefinitions\r\n    {\r\n        [Given(@&quot;unimplemented step&quot;)]\r\n        public void GivenUnimplementedStep()\r\n        {\r\n            ScenarioContext.Current.Pending();\r\n        }\r\n        \r\n        [When(@&quot;unimplemented step&quot;)]\r\n        public void WhenUnimplementedStep()\r\n        {\r\n            ScenarioContext.Current.Pending();\r\n        }\r\n        \r\n        [Then(@&quot;unimplemented step&quot;)]\r\n        public void ThenUnimplementedStep()\r\n        {\r\n            ScenarioContext.Current.Pending();\r\n        }\r\n    }\r\n}\r\n">
                at TechTalk.SpecFlow.UnitTestProvider.XUnitRuntimeProvider.TestPending(String message)
   at TechTalk.SpecFlow.Infrastructure.TestExecutionEngine.OnAfterLastStep()
   at Pickles.TestHarness.xunit2.AdditionFeature.ScenarioCleanup()
   at Pickles.TestHarness.xunit2.AdditionFeature.NotAutomatedAddingTwoNumbers() in C:\Git\pickles\test-harness\xunit2\Addition.feature:line 46
            </failure>
        </testcase>
        <testcase name="AddTwoNumbers" classname="Pickles.TestHarness.xunit2.AdditionFeature" time="0.0017846" status="Passed">
            <properties>
                <property name="FeatureTitle" value="Addition"/>
                <property name="Description" value="Add two numbers"/>
            </properties>
        </testcase>
        <testcase name="IgnoredAddingTwoNumbers" classname="Pickles.TestHarness.xunit2.AdditionFeature" time="0" status="Skipped">
            <properties>
                <property name="FeatureTitle" value="Addition"/>
                <property name="Description" value="Ignored adding two numbers"/>
            </properties>
            <skipped message="Ignored"/>
        </testcase>
        <testcase name="FailToAddTwoNumbers" classname="Pickles.TestHarness.xunit2.AdditionFeature" time="0.0044709" status="Failed">
            <properties>
                <property name="FeatureTitle" value="Addition"/>
                <property name="Description" value="Fail to add two numbers"/>
            </properties>
            <failure type="System.FormatException" message="System.FormatException : Input string was not in a correct format.">
                at System.Number.StringToNumber(String str, NumberStyles options, NumberBuffer&amp; number, NumberFormatInfo info, Boolean parseDecimal)
   at System.Number.ParseInt32(String s, NumberStyles style, NumberFormatInfo info)
   at System.String.System.IConvertible.ToInt32(IFormatProvider provider)
   at System.Convert.ChangeType(Object value, Type conversionType, IFormatProvider provider)
   at System.Linq.Enumerable.&lt;SelectIterator&gt;d__5`2.MoveNext()
   at System.Linq.Buffer`1..ctor(IEnumerable`1 source)
   at System.Linq.Enumerable.ToArray[TSource](IEnumerable`1 source)
   at TechTalk.SpecFlow.Infrastructure.TestExecutionEngine.GetExecuteArguments(BindingMatch match)
   at TechTalk.SpecFlow.Infrastructure.TestExecutionEngine.ExecuteStep(StepInstance stepInstance)
   at TechTalk.SpecFlow.Infrastructure.TestExecutionEngine.OnAfterLastStep()
   at Pickles.TestHarness.xunit2.AdditionFeature.ScenarioCleanup()
   at Pickles.TestHarness.xunit2.AdditionFeature.FailToAddTwoNumbers() in C:\Git\pickles\test-harness\xunit2\Addition.feature:line 34
            </failure>
        </testcase>
    </testsuite>
    <testsuite name="Pickles.TestHarness.xunit2.MinimalFeatures.InconclusiveFeature" tests="2" time="0.006" passed="1" failures="1" skipped="0">
        <testcase name="InconclusiveFeaturePassingScenario" classname="Pickles.TestHarness.xunit2.MinimalFeatures.InconclusiveFeature" time="0.0011753" status="Passed">
            <properties>
                <property name="FeatureTitle" value="Inconclusive"/>
                <property name="Description" value="Inconclusive Feature Passing Scenario"/>
            </properties>
        </testcase>
        <testcase name="InconclusiveFeatureInconclusiveScenario" classname="Pickles.TestHarness.xunit2.MinimalFeatures.InconclusiveFeature" time="0.0051215" status="Failed">
            <properties>
                <property name="FeatureTitle" value="Inconclusive"/>
                <property name="Description" value="Inconclusive Feature Inconclusive Scenario"/>
            </properties>
            <failure type="TechTalk.SpecFlow.SpecFlowException" message="TechTalk.SpecFlow.SpecFlowException : Test pending: One or more step definitions are not implemented yet.\r\n  MinimalSteps.ThenInconclusiveStep()">
                at TechTalk.SpecFlow.UnitTestProvider.XUnitRuntimeProvider.TestPending(String message)
   at Pickles.TestHarness.xunit2.MinimalFeatures.InconclusiveFeature.ScenarioCleanup()
   at Pickles.TestHarness.xunit2.MinimalFeatures.InconclusiveFeature.InconclusiveFeatureInconclusiveScenario() in C:\Git\pickles\test-harness\xunit2\Minimal Features\Inconclusive.feature:line 7
            </failure>
        </testcase>
    </testsuite>
    <testsuite name="Pickles.TestHarness.xunit2.FailingBackgroundFeature" tests="3" time="0.019" passed="0" failures="3" skipped="0">
        <testcase name="AddingSeveralNumbers(firstNumber: &quot;60&quot;, secondNumber: &quot;70&quot;, thirdNumber: &quot;130&quot;, result: &quot;260&quot;, exampleTags: [])" classname="Pickles.TestHarness.xunit2.FailingBackgroundFeature" time="0.0120012" status="Failed">
            <properties>
                <property name="FeatureTitle" value="Failing Background"/>
                <property name="Description" value="Adding several numbers"/>
            </properties>
            <failure type="NFluent.FluentCheckException" message="NFluent.FluentCheckException : \nThe checked value is different from the expected one.\nThe checked value:\n\t[True]\nThe expected value:\n\t[False]">
                at NFluent.Helpers.EqualityHelper.IsEqualTo(Object instance, Object expected)
   at NFluent.Extensibility.Checker`2.ExecuteCheck(Action action, String negatedExceptionMessage)
   at AutomationLayer.MarkTestAs.Failing() in C:\Git\pickles\test-harness\AutomationLayer\MarkTestAs.cs:line 15
   at AutomationLayer.AdditionSteps.GivenTheBackgroundStepFails() in C:\Git\pickles\test-harness\AutomationLayer\AdditionSteps.cs:line 25
   at TechTalk.SpecFlow.Bindings.BindingInvoker.InvokeBinding(IBinding binding, IContextManager contextManager, Object[] arguments, ITestTracer testTracer, TimeSpan&amp; duration)
   at TechTalk.SpecFlow.Infrastructure.TestExecutionEngine.ExecuteStepMatch(BindingMatch match, Object[] arguments)
   at TechTalk.SpecFlow.Infrastructure.TestExecutionEngine.ExecuteStep(StepInstance stepInstance)
   at TechTalk.SpecFlow.Infrastructure.TestExecutionEngine.OnAfterLastStep()
   at Pickles.TestHarness.xunit2.FailingBackgroundFeature.ScenarioCleanup()
   at Pickles.TestHarness.xunit2.FailingBackgroundFeature.AddingSeveralNumbers(String firstNumber, String secondNumber, String thirdNumber, String result, String[] exampleTags) in C:\Git\pickles\test-harness\xunit2\FailingBackground.feature:line 19
            </failure>
        </testcase>
        <testcase name="AddingSeveralNumbers(firstNumber: &quot;40&quot;, secondNumber: &quot;50&quot;, thirdNumber: &quot;90&quot;, result: &quot;180&quot;, exampleTags: [])" classname="Pickles.TestHarness.xunit2.FailingBackgroundFeature" time="0.0016856" status="Failed">
            <properties>
                <property name="FeatureTitle" value="Failing Background"/>
                <property name="Description" value="Adding several numbers"/>
            </properties>
            <failure type="NFluent.FluentCheckException" message="NFluent.FluentCheckException : \nThe checked value is different from the expected one.\nThe checked value:\n\t[True]\nThe expected value:\n\t[False]">
                at NFluent.Helpers.EqualityHelper.IsEqualTo(Object instance, Object expected)
   at NFluent.Extensibility.Checker`2.ExecuteCheck(Action action, String negatedExceptionMessage)
   at AutomationLayer.MarkTestAs.Failing() in C:\Git\pickles\test-harness\AutomationLayer\MarkTestAs.cs:line 15
   at AutomationLayer.AdditionSteps.GivenTheBackgroundStepFails() in C:\Git\pickles\test-harness\AutomationLayer\AdditionSteps.cs:line 25
   at TechTalk.SpecFlow.Bindings.BindingInvoker.InvokeBinding(IBinding binding, IContextManager contextManager, Object[] arguments, ITestTracer testTracer, TimeSpan&amp; duration)
   at TechTalk.SpecFlow.Infrastructure.TestExecutionEngine.ExecuteStepMatch(BindingMatch match, Object[] arguments)
   at TechTalk.SpecFlow.Infrastructure.TestExecutionEngine.ExecuteStep(StepInstance stepInstance)
   at TechTalk.SpecFlow.Infrastructure.TestExecutionEngine.OnAfterLastStep()
   at Pickles.TestHarness.xunit2.FailingBackgroundFeature.ScenarioCleanup()
   at Pickles.TestHarness.xunit2.FailingBackgroundFeature.AddingSeveralNumbers(String firstNumber, String secondNumber, String thirdNumber, String result, String[] exampleTags) in C:\Git\pickles\test-harness\xunit2\FailingBackground.feature:line 19
            </failure>
        </testcase>
        <testcase name="AddTwoNumbers" classname="Pickles.TestHarness.xunit2.FailingBackgroundFeature" time="0.005675" status="Failed">
            <properties>
                <property name="FeatureTitle" value="Failing Background"/>
                <property name="Description" value="Add two numbers"/>
            </properties>
            <failure type="NFluent.FluentCheckException" message="NFluent.FluentCheckException : \nThe checked value is different from the expected one.\nThe checked value:\n\t[True]\nThe expected value:\n\t[False]">
                at NFluent.Helpers.EqualityHelper.IsEqualTo(Object instance, Object expected)
   at NFluent.Extensibility.Checker`2.ExecuteCheck(Action action, String negatedExceptionMessage)
   at AutomationLayer.MarkTestAs.Failing() in C:\Git\pickles\test-harness\AutomationLayer\MarkTestAs.cs:line 15
   at AutomationLayer.AdditionSteps.GivenTheBackgroundStepFails() in C:\Git\pickles\test-harness\AutomationLayer\AdditionSteps.cs:line 25
   at TechTalk.SpecFlow.Bindings.BindingInvoker.InvokeBinding(IBinding binding, IContextManager contextManager, Object[] arguments, ITestTracer testTracer, TimeSpan&amp; duration)
   at TechTalk.SpecFlow.Infrastructure.TestExecutionEngine.ExecuteStepMatch(BindingMatch match, Object[] arguments)
   at TechTalk.SpecFlow.Infrastructure.TestExecutionEngine.ExecuteStep(StepInstance stepInstance)
   at TechTalk.SpecFlow.Infrastructure.TestExecutionEngine.OnAfterLastStep()
   at Pickles.TestHarness.xunit2.FailingBackgroundFeature.ScenarioCleanup()
   at Pickles.TestHarness.xunit2.FailingBackgroundFeature.AddTwoNumbers() in C:\Git\pickles\test-harness\xunit2\FailingBackground.feature:line 12
            </failure>
        </testcase>
    </testsuite>
</testsuites>